<?xml version="1.0" encoding="UTF-8"?>
<!-- Generated by org.testng.reporters.JUnitReportReporter -->
<testsuite hostname="rahul-Inspiron-3537" failures="0" tests="2" name="Tests.GetandPostTraining" time="4.328" errors="0" timestamp="2024-09-23T18:29:55 IST" skipped="0">
  <testcase classname="Tests.GetandPostTraining" name="tests" time="1.286"/>
  <testcase classname="Tests.GetandPostTraining" name="test_post" time="3.042"/>
</testsuite> <!-- Tests.GetandPostTraining -->
