<?xml version="1.0" encoding="UTF-8"?>
<!-- Generated by org.testng.reporters.JUnitReportReporter -->
<testsuite hostname="rahul-Inspiron-3537" failures="0" tests="2" name="tests.PutPatchDelete" time="3.538" errors="0" timestamp="2024-09-23T18:32:04 IST" skipped="0">
  <testcase classname="tests.PutPatchDelete" name="Put" time="0.427"/>
  <testcase classname="tests.PutPatchDelete" name="Patch" time="3.111"/>
</testsuite> <!-- tests.PutPatchDelete -->
