<?xml version="1.0" encoding="UTF-8"?>
<!-- Generated by org.testng.reporters.JUnitReportReporter -->
<testsuite hostname="rahul-Inspiron-3537" failures="0" tests="1" name="Tests.Samplewithstatic" time="3.397" errors="0" timestamp="2024-09-23T18:25:54 IST" skipped="0">
  <testcase classname="Tests.Samplewithstatic" name="Test_2" time="3.397"/>
</testsuite> <!-- Tests.Samplewithstatic -->
